<?xml version="1.0" encoding="UTF-8"?>
<coverage generated="1647418666247" clover="3.2.0">
  <project timestamp="1647418666248" name="All files">
    <metrics statements="32" coveredstatements="28" conditionals="26" coveredconditionals="21" methods="3" coveredmethods="3" elements="61" coveredelements="52" complexity="0" loc="32" ncloc="32" packages="1" files="1" classes="1"/>
    <file name="game.js" path="/home/guillaume-g9/Desktop/DEV/Mini game app/game.js">
      <metrics statements="32" coveredstatements="28" conditionals="26" coveredconditionals="21" methods="3" coveredmethods="3"/>
      <line num="3" count="10" type="stmt"/>
      <line num="4" count="10" type="cond" truecount="2" falsecount="0"/>
      <line num="5" count="10" type="stmt"/>
      <line num="6" count="10" type="cond" truecount="2" falsecount="0"/>
      <line num="7" count="10" type="stmt"/>
      <line num="11" count="6" type="stmt"/>
      <line num="12" count="6" type="stmt"/>
      <line num="13" count="6" type="stmt"/>
      <line num="14" count="6" type="stmt"/>
      <line num="16" count="6" type="cond" truecount="2" falsecount="0"/>
      <line num="17" count="1" type="stmt"/>
      <line num="19" count="6" type="cond" truecount="2" falsecount="0"/>
      <line num="20" count="2" type="stmt"/>
      <line num="21" count="2" type="stmt"/>
      <line num="22" count="2" type="stmt"/>
      <line num="39" count="1" type="stmt"/>
      <line num="41" count="1" type="stmt"/>
      <line num="42" count="2" type="stmt"/>
      <line num="43" count="2" type="cond" truecount="1" falsecount="1"/>
      <line num="44" count="0" type="stmt"/>
      <line num="45" count="0" type="stmt"/>
      <line num="46" count="2" type="cond" truecount="2" falsecount="0"/>
      <line num="47" count="1" type="stmt"/>
      <line num="49" count="1" type="stmt"/>
      <line num="52" count="2" type="cond" truecount="4" falsecount="0"/>
      <line num="53" count="1" type="cond" truecount="2" falsecount="2"/>
      <line num="54" count="0" type="stmt"/>
      <line num="55" count="0" type="stmt"/>
      <line num="56" count="1" type="cond" truecount="3" falsecount="1"/>
      <line num="57" count="1" type="stmt"/>
      <line num="58" count="1" type="stmt"/>
      <line num="67" count="1" type="stmt"/>
    </file>
  </project>
</coverage>
