<?xml version="1.0" encoding="UTF-8"?>
<coverage generated="1647360811814" clover="3.2.0">
  <project timestamp="1647360811814" name="All files">
    <metrics statements="22" coveredstatements="18" conditionals="18" coveredconditionals="15" methods="3" coveredmethods="3" elements="43" coveredelements="36" complexity="0" loc="22" ncloc="22" packages="1" files="1" classes="1"/>
    <file name="game.js" path="/home/guillaume-g9/Desktop/DEV/Mini game app/game.js">
      <metrics statements="22" coveredstatements="18" conditionals="18" coveredconditionals="15" methods="3" coveredmethods="3"/>
      <line num="3" count="8" type="stmt"/>
      <line num="4" count="8" type="cond" truecount="2" falsecount="0"/>
      <line num="5" count="8" type="cond" truecount="2" falsecount="0"/>
      <line num="6" count="8" type="stmt"/>
      <line num="7" count="8" type="stmt"/>
      <line num="8" count="8" type="stmt"/>
      <line num="12" count="13" type="stmt"/>
      <line num="13" count="13" type="stmt"/>
      <line num="14" count="13" type="cond" truecount="1" falsecount="1"/>
      <line num="15" count="0" type="stmt"/>
      <line num="16" count="0" type="stmt"/>
      <line num="18" count="13" type="cond" truecount="2" falsecount="0"/>
      <line num="19" count="8" type="stmt"/>
      <line num="20" count="8" type="stmt"/>
      <line num="27" count="1" type="stmt"/>
      <line num="28" count="6" type="stmt"/>
      <line num="29" count="6" type="stmt"/>
      <line num="32" count="1" type="cond" truecount="3" falsecount="1"/>
      <line num="33" count="0" type="stmt"/>
      <line num="34" count="1" type="cond" truecount="3" falsecount="1"/>
      <line num="35" count="0" type="stmt"/>
      <line num="40" count="1" type="stmt"/>
    </file>
  </project>
</coverage>
