{"/home/guillaume-g9/Desktop/DEV/Mini game app/game.js": {"path":"/home/guillaume-g9/Desktop/DEV/Mini game app/game.js","statementMap":{"0":{"start":{"line":3,"column":8},"end":{"line":3,"column":25}},"1":{"start":{"line":4,"column":8},"end":{"line":4,"column":36}},"2":{"start":{"line":5,"column":8},"end":{"line":5,"column":36}},"3":{"start":{"line":6,"column":8},"end":{"line":6,"column":26}},"4":{"start":{"line":7,"column":8},"end":{"line":7,"column":28}},"5":{"start":{"line":8,"column":8},"end":{"line":8,"column":29}},"6":{"start":{"line":12,"column":8},"end":{"line":12,"column":25}},"7":{"start":{"line":13,"column":8},"end":{"line":13,"column":69}},"8":{"start":{"line":14,"column":8},"end":{"line":17,"column":9}},"9":{"start":{"line":15,"column":12},"end":{"line":15,"column":30}},"10":{"start":{"line":16,"column":12},"end":{"line":16,"column":63}},"11":{"start":{"line":18,"column":8},"end":{"line":21,"column":9}},"12":{"start":{"line":19,"column":12},"end":{"line":19,"column":42}},"13":{"start":{"line":20,"column":12},"end":{"line":20,"column":62}},"14":{"start":{"line":27,"column":4},"end":{"line":30,"column":54}},"15":{"start":{"line":28,"column":6},"end":{"line":28,"column":29}},"16":{"start":{"line":29,"column":6},"end":{"line":29,"column":29}},"17":{"start":{"line":32,"column":4},"end":{"line":36,"column":5}},"18":{"start":{"line":33,"column":8},"end":{"line":33,"column":48}},"19":{"start":{"line":34,"column":11},"end":{"line":36,"column":5}},"20":{"start":{"line":35,"column":8},"end":{"line":35,"column":48}},"21":{"start":{"line":40,"column":0},"end":{"line":40,"column":42}}},"fnMap":{"0":{"name":"(anonymous_0)","decl":{"start":{"line":2,"column":4},"end":{"line":2,"column":5}},"loc":{"start":{"line":2,"column":37},"end":{"line":10,"column":5}},"line":2},"1":{"name":"(anonymous_1)","decl":{"start":{"line":11,"column":4},"end":{"line":11,"column":5}},"loc":{"start":{"line":11,"column":27},"end":{"line":22,"column":5}},"line":11},"2":{"name":"mortalKombat","decl":{"start":{"line":25,"column":9},"end":{"line":25,"column":21}},"loc":{"start":{"line":25,"column":40},"end":{"line":37,"column":1}},"line":25}},"branchMap":{"0":{"loc":{"start":{"line":4,"column":22},"end":{"line":4,"column":35}},"type":"binary-expr","locations":[{"start":{"line":4,"column":22},"end":{"line":4,"column":28}},{"start":{"line":4,"column":32},"end":{"line":4,"column":35}}],"line":4},"1":{"loc":{"start":{"line":5,"column":21},"end":{"line":5,"column":35}},"type":"binary-expr","locations":[{"start":{"line":5,"column":21},"end":{"line":5,"column":26}},{"start":{"line":5,"column":30},"end":{"line":5,"column":35}}],"line":5},"2":{"loc":{"start":{"line":14,"column":8},"end":{"line":17,"column":9}},"type":"if","locations":[{"start":{"line":14,"column":8},"end":{"line":17,"column":9}},{"start":{},"end":{}}],"line":14},"3":{"loc":{"start":{"line":18,"column":8},"end":{"line":21,"column":9}},"type":"if","locations":[{"start":{"line":18,"column":8},"end":{"line":21,"column":9}},{"start":{},"end":{}}],"line":18},"4":{"loc":{"start":{"line":30,"column":13},"end":{"line":30,"column":53}},"type":"binary-expr","locations":[{"start":{"line":30,"column":13},"end":{"line":30,"column":31}},{"start":{"line":30,"column":35},"end":{"line":30,"column":53}}],"line":30},"5":{"loc":{"start":{"line":32,"column":4},"end":{"line":36,"column":5}},"type":"if","locations":[{"start":{"line":32,"column":4},"end":{"line":36,"column":5}},{"start":{"line":34,"column":11},"end":{"line":36,"column":5}}],"line":32},"6":{"loc":{"start":{"line":32,"column":8},"end":{"line":32,"column":48}},"type":"binary-expr","locations":[{"start":{"line":32,"column":8},"end":{"line":32,"column":26}},{"start":{"line":32,"column":30},"end":{"line":32,"column":48}}],"line":32},"7":{"loc":{"start":{"line":34,"column":11},"end":{"line":36,"column":5}},"type":"if","locations":[{"start":{"line":34,"column":11},"end":{"line":36,"column":5}},{"start":{},"end":{}}],"line":34},"8":{"loc":{"start":{"line":34,"column":15},"end":{"line":34,"column":55}},"type":"binary-expr","locations":[{"start":{"line":34,"column":15},"end":{"line":34,"column":33}},{"start":{"line":34,"column":37},"end":{"line":34,"column":55}}],"line":34}},"s":{"0":8,"1":8,"2":8,"3":8,"4":8,"5":8,"6":13,"7":13,"8":13,"9":0,"10":0,"11":13,"12":8,"13":8,"14":1,"15":6,"16":6,"17":1,"18":0,"19":1,"20":0,"21":1},"f":{"0":8,"1":13,"2":1},"b":{"0":[8,3],"1":[8,8],"2":[0,13],"3":[8,5],"4":[6,6],"5":[0,1],"6":[1,1],"7":[0,1],"8":[1,1]},"_coverageSchema":"1a1c01bbd47fc00a2c39e90264f33305004495a9","hash":"c346f2de1a88688f0cb98129b4fa1a1bb3140ad0"}
}
