TN:
SF:game.js
FN:2,(anonymous_0)
FN:9,(anonymous_1)
FN:27,mortalKombat
FNF:3
FNH:3
FNDA:10,(anonymous_0)
FNDA:6,(anonymous_1)
FNDA:1,mortalKombat
DA:3,10
DA:4,10
DA:5,10
DA:6,10
DA:7,10
DA:11,6
DA:12,6
DA:13,6
DA:14,6
DA:16,6
DA:17,1
DA:19,6
DA:20,2
DA:21,2
DA:22,2
DA:39,1
DA:41,1
DA:42,2
DA:43,2
DA:44,0
DA:45,0
DA:46,2
DA:47,1
DA:49,1
DA:52,2
DA:53,1
DA:54,0
DA:55,0
DA:56,1
DA:57,1
DA:58,1
DA:67,1
LF:32
LH:28
BRDA:4,0,0,10
BRDA:4,0,1,3
BRDA:6,1,0,10
BRDA:6,1,1,7
BRDA:16,2,0,1
BRDA:16,2,1,5
BRDA:19,3,0,2
BRDA:19,3,1,4
BRDA:61,4,0,1
BRDA:61,4,1,0
BRDA:43,5,0,0
BRDA:43,5,1,2
BRDA:46,6,0,1
BRDA:46,6,1,1
BRDA:52,7,0,1
BRDA:52,7,1,1
BRDA:52,8,0,2
BRDA:52,8,1,1
BRDA:53,9,0,0
BRDA:53,9,1,1
BRDA:53,10,0,1
BRDA:53,10,1,0
BRDA:56,11,0,1
BRDA:56,11,1,0
BRDA:56,12,0,1
BRDA:56,12,1,1
BRF:26
BRH:21
end_of_record
